Analysis initiated from SIMULIA established products
Abaqus JOB Job-3
Abaqus 2023
USING MEMORY DOUG-LEA ALLOCATOR
Abaqus License Manager checked out the following licenses:
Abaqus/Explicit checked out 5 tokens from Flexnet server localhost.
<9994 out of 9999 licenses remain available>.
Begin Analysis Input File Processor
1/16/2024 7:56:40 PM
Run pre.exe
1/16/2024 7:56:44 PM
End Analysis Input File Processor
Begin Abaqus/Explicit Packager
1/16/2024 7:56:44 PM
PAC_NUM_THREADS VALUE: 1
Run package.exe
1/16/2024 7:56:47 PM
End Abaqus/Explicit Packager
Begin Abaqus/Explicit Analysis
1/16/2024 7:56:47 PM
Run explicit.exe
1/16/2024 8:09:01 PM
End Abaqus/Explicit Analysis
Abaqus JOB Job-3 COMPLETED
