Analysis initiated from SIMULIA established products
Abaqus JOB Job-4
Abaqus 2023
USING MEMORY DOUG-LEA ALLOCATOR
Abaqus License Manager checked out the following licenses:
Abaqus/Explicit checked out 5 tokens from Flexnet server localhost.
<9994 out of 9999 licenses remain available>.
Begin Analysis Input File Processor
1/16/2024 9:33:15 PM
Run pre.exe
1/16/2024 9:33:19 PM
End Analysis Input File Processor
Begin Abaqus/Explicit Packager
1/16/2024 9:33:19 PM
PAC_NUM_THREADS VALUE: 1
Run package.exe
1/16/2024 9:33:22 PM
End Abaqus/Explicit Packager
Begin Abaqus/Explicit Analysis
1/16/2024 9:33:22 PM
Run explicit.exe
1/16/2024 9:47:02 PM
End Abaqus/Explicit Analysis
Abaqus JOB Job-4 COMPLETED
