1
0
1
ASSEMBLY
1
PART-1-1
PART-1
1
PART-1-1
14
-2147483646
0
48 1 16 5 0 1 0 -1 -1 3465 1 -1879048189 1 3465 
14
48 1 16 5 0 1 0 -1 -1 3465 1 -1879048189 1 3465 
0
1
PART-1-1
14
-2147483646
0
48 1 16 5 0 1 0 -1 -1 2480 1 -1879048189 1 2480 
14
48 1 16 5 0 1 0 -1 -1 2480 1 -1879048189 1 2480 
0
2
SET-1
0
1
0
1
PART-1-1
14
-2147483647
48 1 16 5 0 1 0 -1 -1 400 1 -1879048189 1 400 
0
SET-2
0
1
0
1
PART-1-1
14
-2147483647
48 1 16 5 0 1 0 -1 -1 400 1 -1879048189 1761 400 
0
1
PART-1-1
1
SET-1
0
1
14
-2147483647
48 1 16 5 0 1 0 -1 -1 2480 1 -1879048189 1 2480 
0
0
0
2
SET-1
0
1
0
1
PART-1-1
23
-2147483647
84 1 16 14 0 1 0 -1 -1 605 4 -1879048186 -1879048184 -1879048182 -1879048180 1 10 33 82 397 270 1927 243 
0
SET-2
0
1
0
1
PART-1-1
23
-2147483647
84 1 16 14 0 1 0 -1 -1 605 4 -1879048186 -1879048184 -1879048182 -1879048180 23 10 287 82 1489 270 3034 243 
0
1
PART-1-1
1
SET-1
0
1
14
-2147483647
48 1 16 5 0 1 0 -1 -1 3465 1 -1879048189 1 3465 
0
0
0
0
0
