Abaqus/Explicit 2023                             DATE 16-Jan-2024  TIME 21:33:21
-------------------------------------------------------------------------------
 PREPROCESSOR WARNING MESSAGES
-------------------------------------------------------------------------------


***WARNING: There are 1 warning messages in the data (.dat) file.  Please
            check the data file for possible errors in the input file.


-------------------------------------------------------------------------------
 MODEL INFORMATION (IN GLOBAL X-Y COORDINATES)
-------------------------------------------------------------------------------

   Total mass (unscaled) in model = 1.11245E-02
   Center of mass of model (based on unscaled mass) = (-7.040857E-12,-1.918526E-09, 1.500000E-03)

    Moments of Inertia :
                 About Center of Mass              About Origin
      I(XX)          7.676645E-06                  7.701674E-06
      I(YY)          1.611821E-07                  1.862123E-07
      I(ZZ)          7.819054E-06                  7.819054E-06
      I(XY)         -8.039344E-17                 -8.039359E-17
      I(YZ)          5.976580E-16                  3.261172E-14
      I(ZX)         -4.484781E-17                  7.264155E-17

-------------------------------------------------------------------------------
 STABLE TIME INCREMENT INFORMATION
-------------------------------------------------------------------------------


  The stable time increment estimate for each element is based on
  linearization about the initial state. The stable time increment estimates
  do not account for mass scaling.


   Initial time increment = 6.53732E-08

   Statistics for all elements:
      Mean = 8.15721E-08
      Standard deviation = 1.71245E-08

   Most critical elements:
    Element number   Rank    Time increment   Increment ratio
    (Instance name)
   ----------------------------------------------------------
         281          1       6.537319E-08      1.000000E+00
    PART-1-1
         282          2       6.537319E-08      1.000000E+00
    PART-1-1
         283          3       6.537319E-08      1.000000E+00
    PART-1-1
         284          4       6.537319E-08      1.000000E+00
    PART-1-1
         285          5       6.537319E-08      1.000000E+00
    PART-1-1
         286          6       6.537319E-08      1.000000E+00
    PART-1-1
         287          7       6.537319E-08      1.000000E+00
    PART-1-1
         288          8       6.537319E-08      1.000000E+00
    PART-1-1
         289          9       6.537319E-08      1.000000E+00
    PART-1-1
         290         10       6.537319E-08      1.000000E+00
    PART-1-1


  Instance name for the most critical element will be printed if the critical
  element changes or at the beginning of a new page.



Abaqus/Explicit 2023                             DATE 16-Jan-2024  TIME 21:33:25

The single precision Abaqus/Explicit executable will be used in this analysis.


-------------------------------------------------------------------------------
 SOLUTION PROGRESS
-------------------------------------------------------------------------------

 STEP 1  ORIGIN 0.0000

  Total memory used for step 1 is approximately 3.7 megabytes.
  Global time estimation algorithm will be used.
  Scaling factor:  1.0000
              STEP     TOTAL      WALL      STABLE    CRITICAL    KINETIC      TOTAL    PERCENT
INCREMENT     TIME      TIME      TIME   INCREMENT     ELEMENT     ENERGY     ENERGY  CHNG MASS
        0  0.000E+00 0.000E+00  00:00:00 1.462E-05         290  8.657E-05  8.657E-05  5.000E+06
INSTANCE WITH CRITICAL ELEMENT: PART-1-1
Output Field Frame Number   0, of   20, at step time 0.000E+00

***WARNING: THE ANALYSIS MAY NEED A LARGE NUMBER OF INCREMENTS (MORE THAN
            300000), AND IT MAY BE AFFECTED BY ROUND-OFF ERRORS. RUNNING THE
            DOUBLE PRECISION EXECUTABLE IS RECOMMENDED.

    29799  5.000E-01 5.000E-01  00:00:34 1.678E-05         679  1.336E-04  8.786E-05  5.000E+06
INSTANCE WITH CRITICAL ELEMENT: PART-1-1
Output Field Frame Number   1, of   20, at step time 5.000E-01
    59880  1.000E+00 1.000E+00  00:01:12 1.657E-05         684  1.260E-04  9.253E-05  5.000E+06
INSTANCE WITH CRITICAL ELEMENT: PART-1-1
Output Field Frame Number   2, of   20, at step time 1.000E+00
    90086  1.500E+00 1.500E+00  00:01:51 1.647E-05         287  1.322E-04  1.067E-04  5.000E+06
INSTANCE WITH CRITICAL ELEMENT: PART-1-1
Output Field Frame Number   3, of   20, at step time 1.500E+00
   120562  2.000E+00 2.000E+00  00:02:33 1.634E-05        1318  1.348E-04  1.523E-04  5.000E+06
INSTANCE WITH CRITICAL ELEMENT: PART-1-1
Output Field Frame Number   4, of   20, at step time 2.000E+00
   151371  2.500E+00 2.500E+00  00:03:15 1.626E-05        1318  1.313E-04  2.164E-04  5.000E+06
INSTANCE WITH CRITICAL ELEMENT: PART-1-1
Output Field Frame Number   5, of   20, at step time 2.500E+00
   182212  3.000E+00 3.000E+00  00:04:02 1.618E-05         712  1.336E-04  2.673E-04  5.000E+06
INSTANCE WITH CRITICAL ELEMENT: PART-1-1
Output Field Frame Number   6, of   20, at step time 3.000E+00
   213102  3.500E+00 3.500E+00  00:04:44 1.605E-05         680  1.298E-04  2.947E-04  5.000E+06
INSTANCE WITH CRITICAL ELEMENT: PART-1-1
Output Field Frame Number   7, of   20, at step time 3.500E+00
   244403  4.000E+00 4.000E+00  00:05:23 1.597E-05         611  1.295E-04  3.277E-04  5.000E+06
INSTANCE WITH CRITICAL ELEMENT: PART-1-1
Output Field Frame Number   8, of   20, at step time 4.000E+00
   276178  4.500E+00 4.500E+00  00:06:07 1.589E-05         337  1.295E-04  3.590E-04  5.000E+06
INSTANCE WITH CRITICAL ELEMENT: PART-1-1
Output Field Frame Number   9, of   20, at step time 4.500E+00

***WARNING: THE ANALYSIS REACHED A LARGE NUMBER OF INCREMENTS (300000), AND IT
            MAY BE AFFECTED BY ROUND-OFF ERRORS. RUNNING THE DOUBLE PRECISION
            EXECUTABLE IS RECOMMENDED.

   307953  5.000E+00 5.000E+00  00:06:47 1.579E-05         344  1.322E-04  3.807E-04  5.000E+06
INSTANCE WITH CRITICAL ELEMENT: PART-1-1
Output Field Frame Number  10, of   20, at step time 5.000E+00
   339728  5.500E+00 5.500E+00  00:07:26 1.572E-05         281  1.309E-04  3.927E-04  5.000E+06
INSTANCE WITH CRITICAL ELEMENT: PART-1-1
Output Field Frame Number  11, of   20, at step time 5.500E+00
   371503  6.000E+00 6.000E+00  00:08:02 1.565E-05        1240  1.318E-04  3.988E-04  5.000E+06
INSTANCE WITH CRITICAL ELEMENT: PART-1-1
Output Field Frame Number  12, of   20, at step time 6.000E+00
   403752  6.500E+00 6.500E+00  00:08:40 1.549E-05        1226  1.285E-04  3.996E-04  5.000E+06
INSTANCE WITH CRITICAL ELEMENT: PART-1-1
Output Field Frame Number  13, of   20, at step time 6.500E+00
   436520  7.000E+00 7.000E+00  00:09:23 1.549E-05         501  1.329E-04  3.796E-04  5.000E+06
INSTANCE WITH CRITICAL ELEMENT: PART-1-1
Output Field Frame Number  14, of   20, at step time 7.000E+00
   469288  7.500E+00 7.500E+00  00:10:11 1.516E-05        1076  1.313E-04  3.618E-04  5.000E+06
INSTANCE WITH CRITICAL ELEMENT: PART-1-1
Output Field Frame Number  15, of   20, at step time 7.500E+00
   502335  8.000E+00 8.000E+00  00:10:54 1.498E-05        1265  1.321E-04  3.509E-04  5.000E+06
INSTANCE WITH CRITICAL ELEMENT: PART-1-1
Output Field Frame Number  16, of   20, at step time 8.000E+00
   535103  8.500E+00 8.500E+00  00:11:34 1.485E-05        1285  1.357E-04  3.257E-04  5.000E+06
INSTANCE WITH CRITICAL ELEMENT: PART-1-1
Output Field Frame Number  17, of   20, at step time 8.500E+00
   568002  9.000E+00 9.000E+00  00:12:12 1.476E-05         448  1.382E-04  2.878E-04  5.000E+06
INSTANCE WITH CRITICAL ELEMENT: PART-1-1
Output Field Frame Number  18, of   20, at step time 9.000E+00
   602954  9.500E+00 9.500E+00  00:12:54 1.438E-05        1266  1.392E-04  2.478E-04  5.000E+06
INSTANCE WITH CRITICAL ELEMENT: PART-1-1
Output Field Frame Number  19, of   20, at step time 9.500E+00
   638077  1.000E+01 1.000E+01  00:13:36 1.392E-05         745  1.387E-04  2.143E-04  5.000E+06
INSTANCE WITH CRITICAL ELEMENT: PART-1-1
Restart Number  1 at 10.000
Output Field Frame Number  20, of   20, at step time 1.000E+01
  EXPLICIT EXECUTABLE TIME SUMMARY
       USER TIME (SEC)      =   786.50
       SYSTEM TIME (SEC)    =   5.3000
       WALLCLOCK TIME (SEC) =          816
              INIT (SEC) =          0
              MAIN (SEC) =        816

  THE ANALYSIS HAS COMPLETED SUCCESSFULLY

