1
0
1
ASSEMBLY
1
PART-1-1
PART-1
1
PART-1-1
14
-2147483646
0
48 1 16 5 0 1 0 -1 -1 3080 1 -1879048189 1 3080 
14
48 1 16 5 0 1 0 -1 -1 3080 1 -1879048189 1 3080 
0
1
PART-1-1
14
-2147483646
0
48 1 16 5 0 1 0 -1 -1 2200 1 -1879048189 1 2200 
14
48 1 16 5 0 1 0 -1 -1 2200 1 -1879048189 1 2200 
0
2
SET-1
0
1
0
1
PART-1-1
14
-2147483647
48 1 16 5 0 1 0 -1 -1 280 1 -1879048189 1 280 
0
SET-2
0
1
0
1
PART-1-1
14
-2147483647
48 1 16 5 0 1 0 -1 -1 400 1 -1879048189 1561 400 
0
1
PART-1-1
1
SET-1
0
1
14
-2147483647
48 1 16 5 0 1 0 -1 -1 2200 1 -1879048189 1 2200 
0
0
0
2
SET-1
0
1
0
1
PART-1-1
23
-2147483647
84 1 16 14 0 1 0 -1 -1 440 4 -1879048186 -1879048184 -1879048182 -1879048180 1 10 33 70 369 198 1731 162 
0
SET-2
0
1
0
1
PART-1-1
23
-2147483647
84 1 16 14 0 1 0 -1 -1 605 4 -1879048186 -1879048184 -1879048182 -1879048180 23 10 267 82 1341 270 2703 243 
0
1
PART-1-1
1
SET-1
0
1
14
-2147483647
48 1 16 5 0 1 0 -1 -1 3080 1 -1879048189 1 3080 
0
0
0
0
0
